<?xml version="1.0" encoding="utf-8"?><testsuites name="pytest tests"><testsuite name="pytest" errors="0" failures="0" skipped="0" tests="7" time="0.578" timestamp="2026-07-19T18:15:02.785953+00:00" hostname="agent-env-b19148df-02b2-4474-b49f-0bbc98312971"><testcase classname="backend.tests.backend_test.TestHealth" name="test_root_status_ok" time="0.179" /><testcase classname="backend.tests.backend_test.TestBookings" name="test_create_booking_returns_success" time="0.055" /><testcase classname="backend.tests.backend_test.TestBookings" name="test_create_booking_persists_in_list" time="0.093" /><testcase classname="backend.tests.backend_test.TestBookings" name="test_create_booking_missing_email_returns_422" time="0.062" /><testcase classname="backend.tests.backend_test.TestBookings" name="test_create_booking_invalid_email_returns_422" time="0.042" /><testcase classname="backend.tests.backend_test.TestBookings" name="test_create_booking_missing_name_returns_422" time="0.044" /><testcase classname="backend.tests.backend_test.TestBookings" name="test_create_booking_missing_location_returns_422" time="0.050" /></testsuite></testsuites>